<?xml version="1.0" encoding="UTF-8"?>
<Site BuildName="(empty)"
	BuildStamp="20240710-1301-Experimental"
	Name="deepstation"
	Generator="ctest-3.22.1"
	CompilerName="/usr/bin/c++"
	CompilerVersion="11.4.0"
	OSName="Linux"
	Hostname="deepstation"
	OSRelease="5.15.0-112-generic"
	OSVersion="#122-Ubuntu SMP Thu May 23 07:48:21 UTC 2024"
	OSPlatform="x86_64"
	Is64Bits="1"
	VendorString="GenuineIntel"
	VendorID="Intel Corporation"
	FamilyID="6"
	ModelID="85"
	ProcessorCacheSize="22528"
	NumberOfLogicalCPU="32"
	NumberOfPhysicalCPU="16"
	TotalVirtualMemory="15677"
	TotalPhysicalMemory="63976"
	LogicalProcessorsPerPhysical="2"
	ProcessorClockFrequency="3100"
	>
	<Testing>
		<StartDateTime>Jul 10 22:01 JST</StartDateTime>
		<StartTestTime>1720616478</StartTestTime>
		<TestList/>
		<EndDateTime>Jul 10 22:01 JST</EndDateTime>
		<EndTestTime>1720616478</EndTestTime>
		<ElapsedMinutes>0</ElapsedMinutes>
	</Testing>
</Site>
